[2021-10-18 04:15:59] [TestRunRegistrar.java] [1] [WARN] Reporting disabled: using no op test run registrar
[2021-10-18 04:15:59] [IMessager.java] [1] [INFO] TEST [laba - test3] STARTED at [16:15:59 2021-10-18]
[2021-10-18 04:15:59] [IMessager.java] [1] [ERROR] TEST [laba - test3] FAILED at [16:15:59 2021-10-18] - org/openqa/selenium/remote/AbstractDriverOptions

com.qaprosoft.carina.core.foundation.webdriver.core.capability.AbstractCapabilities.addChromeOptions(AbstractCapabilities.java:177)
com.qaprosoft.carina.core.foundation.webdriver.core.capability.AbstractCapabilities.initCapabilities(AbstractCapabilities.java:107)
com.qaprosoft.carina.core.foundation.webdriver.core.capability.AbstractCapabilities.initBaseCapabilities(AbstractCapabilities.java:62)
com.qaprosoft.carina.core.foundation.webdriver.core.capability.impl.desktop.ChromeCapabilities.getCapability(ChromeCapabilities.java:30)
com.qaprosoft.carina.core.foundation.webdriver.core.factory.impl.DesktopFactory.getCapabilities(DesktopFactory.java:92)
com.qaprosoft.carina.core.foundation.webdriver.core.factory.impl.DesktopFactory.create(DesktopFactory.java:61)
com.qaprosoft.carina.core.foundation.webdriver.core.factory.DriverFactory.create(DriverFactory.java:69)
com.qaprosoft.carina.core.foundation.webdriver.IDriverPool.createDriver(IDriverPool.java:387)
com.qaprosoft.carina.core.foundation.webdriver.IDriverPool.getDriver(IDriverPool.java:129)
com.qaprosoft.carina.core.foundation.webdriver.IDriverPool.getDriver(IDriverPool.java:85)
com.qaprosoft.carina.core.foundation.webdriver.IDriverPool.getDriver(IDriverPool.java:72)
com.solvd.laba.webTest.WebTest.test3(WebTest.java:38)
java.base/jdk.internal.reflect.NativeMethodAccessorImpl.invoke0(Native Method)
java.base/jdk.internal.reflect.NativeMethodAccessorImpl.invoke(NativeMethodAccessorImpl.java:64)
java.base/jdk.internal.reflect.DelegatingMethodAccessorImpl.invoke(DelegatingMethodAccessorImpl.java:43)
java.base/java.lang.reflect.Method.invoke(Method.java:564)
org.testng.internal.MethodInvocationHelper.invokeMethod(MethodInvocationHelper.java:133)
org.testng.internal.TestInvoker.invokeMethod(TestInvoker.java:598)
org.testng.internal.TestInvoker.invokeTestMethod(TestInvoker.java:173)
org.testng.internal.MethodRunner.runInSequence(MethodRunner.java:46)
org.testng.internal.TestInvoker$MethodInvocationAgent.invoke(TestInvoker.java:824)
org.testng.internal.TestInvoker.invokeTestMethods(TestInvoker.java:146)
org.testng.internal.TestMethodWorker.invokeTestMethods(TestMethodWorker.java:146)
org.testng.internal.TestMethodWorker.run(TestMethodWorker.java:128)
java.base/java.util.ArrayList.forEach(ArrayList.java:1511)
org.testng.TestRunner.privateRun(TestRunner.java:794)
org.testng.TestRunner.run(TestRunner.java:596)
org.testng.SuiteRunner.runTest(SuiteRunner.java:377)
org.testng.SuiteRunner.runSequentially(SuiteRunner.java:371)
org.testng.SuiteRunner.privateRun(SuiteRunner.java:332)
org.testng.SuiteRunner.run(SuiteRunner.java:276)
org.testng.SuiteRunnerWorker.runSuite(SuiteRunnerWorker.java:53)
org.testng.SuiteRunnerWorker.run(SuiteRunnerWorker.java:96)
org.testng.TestNG.runSuitesSequentially(TestNG.java:1212)
org.testng.TestNG.runSuitesLocally(TestNG.java:1134)
org.testng.TestNG.runSuites(TestNG.java:1063)
org.testng.TestNG.run(TestNG.java:1031)
com.intellij.rt.testng.IDEARemoteTestNG.run(IDEARemoteTestNG.java:66)
com.intellij.rt.testng.RemoteTestNGStarter.main(RemoteTestNGStarter.java:109)
